<?xml version="1.0" encoding="UTF-8"?>
<!-- Generated by org.testng.reporters.JUnitReportReporter -->
<testsuite name="pageObject_Component.VerifyLoginLogout" tests="1" time="14.541" ignored="0" failures="0" timestamp="21 Feb 2017 11:15:47 GMT" skipped="0" hostname="VAIO" errors="0">
  <testcase name="testLoginLogout" time="14.541" classname="pageObject_Component.VerifyLoginLogout"/>
</testsuite> <!-- pageObject_Component.VerifyLoginLogout -->
